# JRE version: Java(TM) SE Runtime Environment (20.0.1+9) (build 20.0.1+9-29)
# Java VM: Java HotSpot(TM) 64-Bit Server VM (20.0.1+9-29, mixed mode, sharing, tiered, compressed oops, compressed class ptrs, g1 gc, windows-amd64)
GC Precious Log:
 CardTable entry size: 512
 Card Set container configuration: InlinePtr #cards 5 size 8 Array Of Cards #cards 12 size 40 Howl #buckets 4 coarsen threshold 1843 Howl Bitmap #cards 512 size 80 coarsen threshold 460 Card regions per heap region 1 cards per card region 2048
 CPUs: 4 total, 4 available
 Memory: 3962M
 Large Page Support: Disabled
 NUMA Support: Disabled
 Compressed Oops: Enabled (32-bit)
 Heap Region Size: 1M
 Heap Min Capacity: 8M
 Heap Initial Capacity: 62M
 Heap Max Capacity: 992M
 Pre-touch: Disabled
 Parallel Workers: 4
 Concurrent Workers: 1
 Concurrent Refinement Workers: 4
 Periodic GC: Disabled
Heap:
 garbage-first heap   total 48128K, used 29139K [0x00000000c2000000, 0x0000000100000000)
  region size 1024K, 12 young (12288K), 3 survivors (3072K)
 Metaspace       used 46915K, committed 47424K, reserved 1114112K
  class space    used 6036K, committed 6272K, reserved 1048576K
GC Heap History (18 events):
Event: 1.386 GC heap before
{Heap before GC invocations=0 (full 0):
 garbage-first heap   total 63488K, used 13312K [0x00000000c2000000, 0x0000000100000000)
  region size 1024K, 13 young (13312K), 0 survivors (0K)
 Metaspace       used 3501K, committed 3712K, reserved 1114112K
  class space    used 339K, committed 448K, reserved 1048576K
}
Event: 1.398 GC heap after
{Heap after GC invocations=1 (full 0):
 garbage-first heap   total 63488K, used 6400K [0x00000000c2000000, 0x0000000100000000)
  region size 1024K, 2 young (2048K), 2 survivors (2048K)
 Metaspace       used 3501K, committed 3712K, reserved 1114112K
  class space    used 339K, committed 448K, reserved 1048576K
}
Event: 2.314 GC heap before
{Heap before GC invocations=1 (full 0):
 garbage-first heap   total 63488K, used 17664K [0x00000000c2000000, 0x0000000100000000)
  region size 1024K, 13 young (13312K), 2 survivors (2048K)
 Metaspace       used 6913K, committed 7168K, reserved 1114112K
  class space    used 792K, committed 896K, reserved 1048576K
}
Event: 2.323 GC heap after
{Heap after GC invocations=2 (full 0):
 garbage-first heap   total 63488K, used 7659K [0x00000000c2000000, 0x0000000100000000)
  region size 1024K, 1 young (1024K), 1 survivors (1024K)
 Metaspace       used 6913K, committed 7168K, reserved 1114112K
  class space    used 792K, committed 896K, reserved 1048576K
}
Event: 3.683 GC heap before
{Heap before GC invocations=2 (full 0):
 garbage-first heap   total 63488K, used 32235K [0x00000000c2000000, 0x0000000100000000)
  region size 1024K, 26 young (26624K), 1 survivors (1024K)
 Metaspace       used 13411K, committed 13696K, reserved 1114112K
  class space    used 1745K, committed 1856K, reserved 1048576K
}
Event: 3.690 GC heap after
{Heap after GC invocations=3 (full 0):
 garbage-first heap   total 63488K, used 9525K [0x00000000c2000000, 0x0000000100000000)
  region size 1024K, 3 young (3072K), 3 survivors (3072K)
 Metaspace       used 13411K, committed 13696K, reserved 1114112K
  class space    used 1745K, committed 1856K, reserved 1048576K
}
Event: 5.488 GC heap before
{Heap before GC invocations=3 (full 0):
 garbage-first heap   total 63488K, used 43317K [0x00000000c2000000, 0x0000000100000000)
  region size 1024K, 37 young (37888K), 3 survivors (3072K)
 Metaspace       used 20178K, committed 20544K, reserved 1114112K
  class space    used 2489K, committed 2688K, reserved 1048576K
}
Event: 5.513 GC heap after
{Heap after GC invocations=4 (full 0):
 garbage-first heap   total 63488K, used 12552K [0x00000000c2000000, 0x0000000100000000)
  region size 1024K, 5 young (5120K), 5 survivors (5120K)
 Metaspace       used 20178K, committed 20544K, reserved 1114112K
  class space    used 2489K, committed 2688K, reserved 1048576K
}
Event: 5.920 GC heap before
{Heap before GC invocations=4 (full 0):
 garbage-first heap   total 63488K, used 17672K [0x00000000c2000000, 0x0000000100000000)
  region size 1024K, 11 young (11264K), 5 survivors (5120K)
 Metaspace       used 21232K, committed 21504K, reserved 1114112K
  class space    used 2612K, committed 2752K, reserved 1048576K
}
Event: 5.938 GC heap after
{Heap after GC invocations=5 (full 0):
 garbage-first heap   total 63488K, used 12929K [0x00000000c2000000, 0x0000000100000000)
  region size 1024K, 1 young (1024K), 1 survivors (1024K)
 Metaspace       used 21232K, committed 21504K, reserved 1114112K
  class space    used 2612K, committed 2752K, reserved 1048576K
}
Event: 8.288 GC heap before
{Heap before GC invocations=6 (full 0):
 garbage-first heap   total 48128K, used 40577K [0x00000000c2000000, 0x0000000100000000)
  region size 1024K, 28 young (28672K), 1 survivors (1024K)
 Metaspace       used 26388K, committed 26816K, reserved 1114112K
  class space    used 3395K, committed 3584K, reserved 1048576K
}
Event: 8.302 GC heap after
{Heap after GC invocations=7 (full 0):
 garbage-first heap   total 48128K, used 15484K [0x00000000c2000000, 0x0000000100000000)
  region size 1024K, 4 young (4096K), 4 survivors (4096K)
 Metaspace       used 26388K, committed 26816K, reserved 1114112K
  class space    used 3395K, committed 3584K, reserved 1048576K
}
Event: 10.393 GC heap before
{Heap before GC invocations=7 (full 0):
 garbage-first heap   total 48128K, used 36988K [0x00000000c2000000, 0x0000000100000000)
  region size 1024K, 26 young (26624K), 4 survivors (4096K)
 Metaspace       used 31941K, committed 32512K, reserved 1114112K
  class space    used 4066K, committed 4352K, reserved 1048576K
}
Event: 10.406 GC heap after
{Heap after GC invocations=8 (full 0):
 garbage-first heap   total 48128K, used 17638K [0x00000000c2000000, 0x0000000100000000)
  region size 1024K, 3 young (3072K), 3 survivors (3072K)
 Metaspace       used 31941K, committed 32512K, reserved 1114112K
  class space    used 4066K, committed 4352K, reserved 1048576K
}
Event: 11.837 GC heap before
{Heap before GC invocations=8 (full 0):
 garbage-first heap   total 48128K, used 29926K [0x00000000c2000000, 0x0000000100000000)
  region size 1024K, 16 young (16384K), 3 survivors (3072K)
 Metaspace       used 35541K, committed 36096K, reserved 1114112K
  class space    used 4616K, committed 4864K, reserved 1048576K
}
Event: 11.844 GC heap after
{Heap after GC invocations=9 (full 0):
 garbage-first heap   total 48128K, used 18560K [0x00000000c2000000, 0x0000000100000000)
  region size 1024K, 1 young (1024K), 1 survivors (1024K)
 Metaspace       used 35541K, committed 36096K, reserved 1114112K
  class space    used 4616K, committed 4864K, reserved 1048576K
}
Event: 14.743 GC heap before
{Heap before GC invocations=10 (full 0):
 garbage-first heap   total 48128K, used 40064K [0x00000000c2000000, 0x0000000100000000)
  region size 1024K, 22 young (22528K), 1 survivors (1024K)
 Metaspace       used 44604K, committed 45120K, reserved 1114112K
  class space    used 5717K, committed 5952K, reserved 1048576K
}
Event: 14.750 GC heap after
{Heap after GC invocations=11 (full 0):
 garbage-first heap   total 48128K, used 20947K [0x00000000c2000000, 0x0000000100000000)
  region size 1024K, 3 young (3072K), 3 survivors (3072K)
 Metaspace       used 44604K, committed 45120K, reserved 1114112K
  class space    used 5717K, committed 5952K, reserved 1048576K
}

